[12:20:15] Command: --kingdom Viruses --cpus 4 P2_phage.fasta --outdir ./p2 --force --genus Caudovirales --locustag EMSIMAW --usegenus
[12:20:15] Looking for 'aragorn' - found /home/swandro/miniconda3/envs/prokka/bin/aragorn
[12:20:15] Determined aragorn version is 1.2
[12:20:15] Looking for 'barrnap' - found /home/swandro/miniconda3/envs/prokka/bin/barrnap
[12:20:15] Determined barrnap version is 0.9
[12:20:15] Looking for 'blastp' - found /home/swandro/miniconda3/envs/prokka/bin/blastp
[12:20:15] Determined blastp version is 2.2
[12:20:15] Looking for 'cmpress' - found /home/swandro/miniconda3/envs/prokka/bin/cmpress
[12:20:15] Determined cmpress version is 1.1
[12:20:15] Looking for 'cmscan' - found /home/swandro/miniconda3/envs/prokka/bin/cmscan
[12:20:15] Determined cmscan version is 1.1
[12:20:15] Looking for 'egrep' - found /bin/egrep
[12:20:15] Looking for 'find' - found /usr/bin/find
[12:20:15] Looking for 'grep' - found /bin/grep
[12:20:15] Looking for 'hmmpress' - found /home/swandro/miniconda3/envs/prokka/bin/hmmpress
[12:20:15] Determined hmmpress version is 3.3
[12:20:15] Looking for 'hmmscan' - found /home/swandro/miniconda3/envs/prokka/bin/hmmscan
[12:20:15] Determined hmmscan version is 3.3
[12:20:15] Looking for 'less' - found /usr/bin/less
[12:20:15] Looking for 'makeblastdb' - found /home/swandro/miniconda3/envs/prokka/bin/makeblastdb
[12:20:15] Determined makeblastdb version is 2.2
[12:20:15] Looking for 'minced' - found /home/swandro/miniconda3/envs/prokka/bin/minced
[12:20:15] Determined minced version is 4.2
[12:20:15] Looking for 'parallel' - found /home/swandro/miniconda3/envs/prokka/bin/parallel
[12:20:15] Determined parallel version is 20160622
[12:20:15] Looking for 'prodigal' - found /home/swandro/miniconda3/envs/prokka/bin/prodigal
[12:20:15] Determined prodigal version is 2.6
[12:20:15] Looking for 'prokka-genbank_to_fasta_db' - found /home/swandro/miniconda3/envs/prokka/bin/prokka-genbank_to_fasta_db
[12:20:15] Looking for 'sed' - found /bin/sed
[12:20:15] Looking for 'tbl2asn' - found /home/swandro/miniconda3/envs/prokka/bin/tbl2asn
[12:20:15] Determined tbl2asn version is 25.8
[12:20:15] Using genetic code table 1.
[12:20:15] Loading and checking input file: P2_phage.fasta
[12:20:15] Wrote 1 contigs
[12:20:15] Predicting tRNAs and tmRNAs
[12:20:15] Running: aragorn -gc1  -w \.\/p2\/EMSIMAW_03252022\.fna
[12:20:15] 1 tRNA-Trp c[24358,24429] 34 (cca)
[12:20:15] Found 1 tRNAs
[12:20:15] Disabling rRNA search: --kingdom=Viruses or --norrna=0
[12:20:15] Skipping ncRNA search, enable with --rfam if desired.
[12:20:15] Total of 1 tRNA + rRNA features
[12:20:15] Searching for CRISPR repeats
[12:20:15] Found 0 CRISPRs
[12:20:15] Predicting coding sequences
[12:20:15] Contigs total 57485 bp, so using meta mode
[12:20:15] Running: prodigal -i \.\/p2\/EMSIMAW_03252022\.fna -c -m -g 1 -p meta -f sco -q
[12:20:15] Excluding CDS which overlaps existing RNA (tRNA) at vB_OCPT_P2:24203..24415 on - strand
[12:20:15] Found 94 CDS
[12:20:15] Connecting features back to sequences
[12:20:15] Skipping genus-specific proteins as can't see /home/swandro/miniconda3/envs/prokka/bin/../db/Caudovirales
[12:20:15] Annotating CDS, please be patient.
[12:20:15] Will use 4 CPUs for similarity searching.
[12:20:15] There are still 94 unannotated CDS left (started with 94)
[12:20:15] Will use blast to search against /home/swandro/miniconda3/envs/prokka/bin/../db/kingdom/Viruses/sprot with 4 CPUs
[12:20:15] Running: cat \.\/p2\/sprot\.faa | parallel --gnu --plain -j 4 --block 2150 --recstart '>' --pipe blastp -query - -db /home/swandro/miniconda3/envs/prokka/bin/../db/kingdom/Viruses/sprot -evalue 1e-06 -num_threads 1 -num_descriptions 1 -num_alignments 1 -seg no > \.\/p2\/sprot\.blast 2> /dev/null
[12:20:17] Deleting unwanted file: ./p2/sprot.faa
[12:20:17] Deleting unwanted file: ./p2/sprot.blast
[12:20:17] Labelling remaining 86 proteins as 'hypothetical protein'
[12:20:17] Found 4 unique /gene codes.
[12:20:17] Fixed 0 colliding /gene names.
[12:20:17] Adding /locus_tag identifiers
[12:20:17] Assigned 95 locus_tags to CDS and RNA features.
[12:20:17] Writing outputs to ./p2/
[12:20:17] Generating annotation statistics file
[12:20:17] Generating Genbank and Sequin files
[12:20:17] Running: tbl2asn -V b -a r10k -l paired-ends -M n -N 1 -y 'Annotated using prokka 1.11 from http://www.vicbioinformatics.com' -Z \.\/p2\/EMSIMAW_03252022\.err -i \.\/p2\/EMSIMAW_03252022\.fsa 2> /dev/null
[12:20:17] Deleting unwanted file: ./p2/errorsummary.val
[12:20:17] Deleting unwanted file: ./p2/EMSIMAW_03252022.dr
[12:20:17] Deleting unwanted file: ./p2/EMSIMAW_03252022.fixedproducts
[12:20:17] Deleting unwanted file: ./p2/EMSIMAW_03252022.ecn
[12:20:17] Deleting unwanted file: ./p2/EMSIMAW_03252022.val
[12:20:17] Repairing broken .GBK output that tbl2asn produces...
[12:20:17] Running: sed 's/COORDINATES: profile/COORDINATES:profile/' < \.\/p2\/EMSIMAW_03252022\.gbf > \.\/p2\/EMSIMAW_03252022\.gbk
[12:20:17] Deleting unwanted file: ./p2/EMSIMAW_03252022.gbf
[12:20:17] Output files:
[12:20:17] ./p2/EMSIMAW_03252022.err
[12:20:17] ./p2/EMSIMAW_03252022.faa
[12:20:17] ./p2/EMSIMAW_03252022.ffn
[12:20:17] ./p2/EMSIMAW_03252022.fna
[12:20:17] ./p2/EMSIMAW_03252022.fsa
[12:20:17] ./p2/EMSIMAW_03252022.gbk
[12:20:17] ./p2/EMSIMAW_03252022.gff
[12:20:17] ./p2/EMSIMAW_03252022.log
[12:20:17] ./p2/EMSIMAW_03252022.sqn
[12:20:17] ./p2/EMSIMAW_03252022.tbl
[12:20:17] ./p2/EMSIMAW_03252022.txt
[12:20:17] Walltime used: 0.05 minutes
[12:20:17] If you use this result please cite the Prokka paper:
[12:20:17] Seemann T (2014) Prokka: rapid prokaryotic genome annotation. Bioinformatics. 30(14):2068-9.
[12:20:17] Type 'prokka --citation' for more details.
[12:20:17] Share and enjoy!
