Discrepancy Report Results

Summary
FATAL: MISSING_PROTEIN_ID:94 proteins have invalid IDs.
DISC_SOURCE_QUALS_ASNDISC:strain (all present, all unique)
DISC_SOURCE_QUALS_ASNDISC:taxname (all present, all unique)
DISC_FEATURE_COUNT:CDS: 94 present
DISC_FEATURE_COUNT:tRNA: 1 present
DISC_COUNT_NUCLEOTIDES:1 nucleotide Bioseqs are present
FEATURE_LOCATION_CONFLICT:95 features have inconsistent gene locations.
DISC_QUALITY_SCORES:Quality scores are missing on all sequences.
ONCALLER_COMMENT_PRESENT:1 comment descriptors were found (all same)
SHORT_PROT_SEQUENCES:4 protein sequences are shorter than 50 aa.
MISSING_GENOMEASSEMBLY_COMMENTS:1 bioseqs are missing GenomeAssembly structured comments
MOLTYPE_NOT_MRNA:1 molecule types are not set as mRNA.
TECHNIQUE_NOT_TSA:1 technique are not set as TSA
MISSING_STRUCTURED_COMMENT:1 sequences do not include structured comments.
MISSING_PROJECT:95 sequences do not include project.
DISC_INCONSISTENT_MOLINFO_TECH:Molinfo Technique Report (some missing, all same)


Detailed Report

FATAL: DiscRep_ALL:MISSING_PROTEIN_ID::94 proteins have invalid IDs.
./p2/EMSIMAW_03252022:vB_OCPT_P2_1 (length 101)
./p2/EMSIMAW_03252022:vB_OCPT_P2_2 (length 320)
./p2/EMSIMAW_03252022:vB_OCPT_P2_3 (length 88)
./p2/EMSIMAW_03252022:vB_OCPT_P2_4 (length 82)
./p2/EMSIMAW_03252022:vB_OCPT_P2_5 (length 69)
./p2/EMSIMAW_03252022:vB_OCPT_P2_6 (length 63)
./p2/EMSIMAW_03252022:vB_OCPT_P2_7 (length 70)
./p2/EMSIMAW_03252022:vB_OCPT_P2_8 (length 86)
./p2/EMSIMAW_03252022:vB_OCPT_P2_9 (length 64)
./p2/EMSIMAW_03252022:vB_OCPT_P2_10 (length 144)
./p2/EMSIMAW_03252022:vB_OCPT_P2_11 (length 66)
./p2/EMSIMAW_03252022:vB_OCPT_P2_12 (length 194)
./p2/EMSIMAW_03252022:vB_OCPT_P2_13 (length 107)
./p2/EMSIMAW_03252022:vB_OCPT_P2_14 (length 78)
./p2/EMSIMAW_03252022:vB_OCPT_P2_15 (length 134)
./p2/EMSIMAW_03252022:vB_OCPT_P2_16 (length 231)
./p2/EMSIMAW_03252022:vB_OCPT_P2_17 (length 131)
./p2/EMSIMAW_03252022:vB_OCPT_P2_18 (length 143)
./p2/EMSIMAW_03252022:vB_OCPT_P2_19 (length 63)
./p2/EMSIMAW_03252022:vB_OCPT_P2_20 (length 178)
./p2/EMSIMAW_03252022:vB_OCPT_P2_21 (length 784)
./p2/EMSIMAW_03252022:vB_OCPT_P2_22 (length 61)
./p2/EMSIMAW_03252022:vB_OCPT_P2_23 (length 124)
./p2/EMSIMAW_03252022:vB_OCPT_P2_24 (length 70)
./p2/EMSIMAW_03252022:vB_OCPT_P2_25 (length 69)
./p2/EMSIMAW_03252022:vB_OCPT_P2_26 (length 74)
./p2/EMSIMAW_03252022:vB_OCPT_P2_27 (length 64)
./p2/EMSIMAW_03252022:vB_OCPT_P2_28 (length 58)
./p2/EMSIMAW_03252022:vB_OCPT_P2_29 (length 99)
./p2/EMSIMAW_03252022:vB_OCPT_P2_30 (length 187)
./p2/EMSIMAW_03252022:vB_OCPT_P2_31 (length 210)
./p2/EMSIMAW_03252022:vB_OCPT_P2_32 (length 189)
./p2/EMSIMAW_03252022:vB_OCPT_P2_33 (length 143)
./p2/EMSIMAW_03252022:vB_OCPT_P2_34 (length 176)
./p2/EMSIMAW_03252022:vB_OCPT_P2_35 (length 111)
./p2/EMSIMAW_03252022:vB_OCPT_P2_36 (length 342)
./p2/EMSIMAW_03252022:vB_OCPT_P2_37 (length 146)
./p2/EMSIMAW_03252022:vB_OCPT_P2_38 (length 86)
./p2/EMSIMAW_03252022:vB_OCPT_P2_39 (length 74)
./p2/EMSIMAW_03252022:vB_OCPT_P2_40 (length 250)
./p2/EMSIMAW_03252022:vB_OCPT_P2_41 (length 454)
./p2/EMSIMAW_03252022:vB_OCPT_P2_42 (length 258)
./p2/EMSIMAW_03252022:vB_OCPT_P2_43 (length 117)
./p2/EMSIMAW_03252022:vB_OCPT_P2_44 (length 314)
./p2/EMSIMAW_03252022:vB_OCPT_P2_45 (length 70)
./p2/EMSIMAW_03252022:vB_OCPT_P2_46 (length 62)
./p2/EMSIMAW_03252022:vB_OCPT_P2_47 (length 106)
./p2/EMSIMAW_03252022:vB_OCPT_P2_48 (length 83)
./p2/EMSIMAW_03252022:vB_OCPT_P2_49 (length 80)
./p2/EMSIMAW_03252022:vB_OCPT_P2_50 (length 48)
./p2/EMSIMAW_03252022:vB_OCPT_P2_51 (length 54)
./p2/EMSIMAW_03252022:vB_OCPT_P2_52 (length 66)
./p2/EMSIMAW_03252022:vB_OCPT_P2_53 (length 128)
./p2/EMSIMAW_03252022:vB_OCPT_P2_54 (length 144)
./p2/EMSIMAW_03252022:vB_OCPT_P2_55 (length 274)
./p2/EMSIMAW_03252022:vB_OCPT_P2_56 (length 142)
./p2/EMSIMAW_03252022:vB_OCPT_P2_57 (length 237)
./p2/EMSIMAW_03252022:vB_OCPT_P2_58 (length 117)
./p2/EMSIMAW_03252022:vB_OCPT_P2_59 (length 1008)
./p2/EMSIMAW_03252022:vB_OCPT_P2_60 (length 1330)
./p2/EMSIMAW_03252022:vB_OCPT_P2_61 (length 961)
./p2/EMSIMAW_03252022:vB_OCPT_P2_62 (length 74)
./p2/EMSIMAW_03252022:vB_OCPT_P2_63 (length 146)
./p2/EMSIMAW_03252022:vB_OCPT_P2_64 (length 229)
./p2/EMSIMAW_03252022:vB_OCPT_P2_65 (length 144)
./p2/EMSIMAW_03252022:vB_OCPT_P2_66 (length 126)
./p2/EMSIMAW_03252022:vB_OCPT_P2_67 (length 125)
./p2/EMSIMAW_03252022:vB_OCPT_P2_68 (length 134)
./p2/EMSIMAW_03252022:vB_OCPT_P2_69 (length 146)
./p2/EMSIMAW_03252022:vB_OCPT_P2_70 (length 268)
./p2/EMSIMAW_03252022:vB_OCPT_P2_71 (length 224)
./p2/EMSIMAW_03252022:vB_OCPT_P2_72 (length 251)
./p2/EMSIMAW_03252022:vB_OCPT_P2_73 (length 511)
./p2/EMSIMAW_03252022:vB_OCPT_P2_74 (length 423)
./p2/EMSIMAW_03252022:vB_OCPT_P2_75 (length 82)
./p2/EMSIMAW_03252022:vB_OCPT_P2_76 (length 126)
./p2/EMSIMAW_03252022:vB_OCPT_P2_77 (length 199)
./p2/EMSIMAW_03252022:vB_OCPT_P2_78 (length 104)
./p2/EMSIMAW_03252022:vB_OCPT_P2_79 (length 85)
./p2/EMSIMAW_03252022:vB_OCPT_P2_80 (length 128)
./p2/EMSIMAW_03252022:vB_OCPT_P2_81 (length 126)
./p2/EMSIMAW_03252022:vB_OCPT_P2_82 (length 49)
./p2/EMSIMAW_03252022:vB_OCPT_P2_83 (length 86)
./p2/EMSIMAW_03252022:vB_OCPT_P2_84 (length 100)
./p2/EMSIMAW_03252022:vB_OCPT_P2_85 (length 123)
./p2/EMSIMAW_03252022:vB_OCPT_P2_86 (length 269)
./p2/EMSIMAW_03252022:vB_OCPT_P2_87 (length 72)
./p2/EMSIMAW_03252022:vB_OCPT_P2_88 (length 70)
./p2/EMSIMAW_03252022:vB_OCPT_P2_89 (length 100)
./p2/EMSIMAW_03252022:vB_OCPT_P2_90 (length 45)
./p2/EMSIMAW_03252022:vB_OCPT_P2_91 (length 124)
./p2/EMSIMAW_03252022:vB_OCPT_P2_92 (length 128)
./p2/EMSIMAW_03252022:vB_OCPT_P2_93 (length 34)
./p2/EMSIMAW_03252022:vB_OCPT_P2_94 (length 107)

DiscRep_ALL:DISC_SOURCE_QUALS_ASNDISC::strain (all present, all unique)
DiscRep_SUB:DISC_SOURCE_QUALS_ASNDISC::1 sources have unique values for strain
DiscRep_ALL:DISC_SOURCE_QUALS_ASNDISC::taxname (all present, all unique)
DiscRep_SUB:DISC_SOURCE_QUALS_ASNDISC::1 sources have unique values for taxname
DiscRep_ALL:DISC_FEATURE_COUNT::CDS: 94 present
DiscRep_ALL:DISC_FEATURE_COUNT::tRNA: 1 present
DiscRep_ALL:DISC_COUNT_NUCLEOTIDES::1 nucleotide Bioseqs are present
./p2/EMSIMAW_03252022:vB_OCPT_P2 (length 57485)

DiscRep_ALL:FEATURE_LOCATION_CONFLICT::95 features have inconsistent gene locations.
DiscRep_SUB:FEATURE_LOCATION_CONFLICT::Coding region xref gene does not exist
./p2/EMSIMAW_03252022:CDS	hypothetical protein	vB_OCPT_P2:c574-269	EMSIMAW_00001

DiscRep_SUB:FEATURE_LOCATION_CONFLICT::Coding region xref gene does not exist
./p2/EMSIMAW_03252022:CDS	RNA ligase 2	vB_OCPT_P2:c1582-620	EMSIMAW_00002

DiscRep_SUB:FEATURE_LOCATION_CONFLICT::Coding region xref gene does not exist
./p2/EMSIMAW_03252022:CDS	hypothetical protein	vB_OCPT_P2:c1850-1584	EMSIMAW_00003

DiscRep_SUB:FEATURE_LOCATION_CONFLICT::Coding region xref gene does not exist
./p2/EMSIMAW_03252022:CDS	hypothetical protein	vB_OCPT_P2:c2091-1843	EMSIMAW_00004

DiscRep_SUB:FEATURE_LOCATION_CONFLICT::Coding region xref gene does not exist
./p2/EMSIMAW_03252022:CDS	hypothetical protein	vB_OCPT_P2:c2314-2105	EMSIMAW_00005

DiscRep_SUB:FEATURE_LOCATION_CONFLICT::Coding region xref gene does not exist
./p2/EMSIMAW_03252022:CDS	hypothetical protein	vB_OCPT_P2:c2521-2330	EMSIMAW_00006

DiscRep_SUB:FEATURE_LOCATION_CONFLICT::Coding region xref gene does not exist
./p2/EMSIMAW_03252022:CDS	hypothetical protein	vB_OCPT_P2:c2746-2534	EMSIMAW_00007

DiscRep_SUB:FEATURE_LOCATION_CONFLICT::Coding region xref gene does not exist
./p2/EMSIMAW_03252022:CDS	hypothetical protein	vB_OCPT_P2:c3006-2746	EMSIMAW_00008

DiscRep_SUB:FEATURE_LOCATION_CONFLICT::Coding region xref gene does not exist
./p2/EMSIMAW_03252022:CDS	hypothetical protein	vB_OCPT_P2:c3197-3003	EMSIMAW_00009

DiscRep_SUB:FEATURE_LOCATION_CONFLICT::Coding region xref gene does not exist
./p2/EMSIMAW_03252022:CDS	hypothetical protein	vB_OCPT_P2:c3707-3273	EMSIMAW_00010

DiscRep_SUB:FEATURE_LOCATION_CONFLICT::Coding region xref gene does not exist
./p2/EMSIMAW_03252022:CDS	hypothetical protein	vB_OCPT_P2:c3920-3720	EMSIMAW_00011

DiscRep_SUB:FEATURE_LOCATION_CONFLICT::Coding region xref gene does not exist
./p2/EMSIMAW_03252022:CDS	hypothetical protein	vB_OCPT_P2:c4515-3931	EMSIMAW_00012

DiscRep_SUB:FEATURE_LOCATION_CONFLICT::Coding region xref gene does not exist
./p2/EMSIMAW_03252022:CDS	hypothetical protein	vB_OCPT_P2:c4861-4538	EMSIMAW_00013

DiscRep_SUB:FEATURE_LOCATION_CONFLICT::Coding region xref gene does not exist
./p2/EMSIMAW_03252022:CDS	hypothetical protein	vB_OCPT_P2:c5067-4831	EMSIMAW_00014

DiscRep_SUB:FEATURE_LOCATION_CONFLICT::Coding region xref gene does not exist
./p2/EMSIMAW_03252022:CDS	hypothetical protein	vB_OCPT_P2:c5455-5051	EMSIMAW_00015

DiscRep_SUB:FEATURE_LOCATION_CONFLICT::Coding region xref gene does not exist
./p2/EMSIMAW_03252022:CDS	hypothetical protein	vB_OCPT_P2:c6209-5514	EMSIMAW_00016

DiscRep_SUB:FEATURE_LOCATION_CONFLICT::Coding region xref gene does not exist
./p2/EMSIMAW_03252022:CDS	hypothetical protein	vB_OCPT_P2:c6597-6202	EMSIMAW_00017

DiscRep_SUB:FEATURE_LOCATION_CONFLICT::Coding region xref gene does not exist
./p2/EMSIMAW_03252022:CDS	hypothetical protein	vB_OCPT_P2:c7030-6599	EMSIMAW_00018

DiscRep_SUB:FEATURE_LOCATION_CONFLICT::Coding region xref gene does not exist
./p2/EMSIMAW_03252022:CDS	hypothetical protein	vB_OCPT_P2:c7234-7043	EMSIMAW_00019

DiscRep_SUB:FEATURE_LOCATION_CONFLICT::Coding region xref gene does not exist
./p2/EMSIMAW_03252022:CDS	hypothetical protein	vB_OCPT_P2:c7854-7318	EMSIMAW_00020

DiscRep_SUB:FEATURE_LOCATION_CONFLICT::Coding region xref gene does not exist
./p2/EMSIMAW_03252022:CDS	DNA-directed DNA polymerase	vB_OCPT_P2:c10201-7847	EMSIMAW_00021

DiscRep_SUB:FEATURE_LOCATION_CONFLICT::Coding region xref gene does not exist
./p2/EMSIMAW_03252022:CDS	hypothetical protein	vB_OCPT_P2:c10467-10282	EMSIMAW_00022

DiscRep_SUB:FEATURE_LOCATION_CONFLICT::Coding region xref gene does not exist
./p2/EMSIMAW_03252022:CDS	hypothetical protein	vB_OCPT_P2:c10845-10471	EMSIMAW_00023

DiscRep_SUB:FEATURE_LOCATION_CONFLICT::Coding region xref gene does not exist
./p2/EMSIMAW_03252022:CDS	hypothetical protein	vB_OCPT_P2:c11058-10846	EMSIMAW_00024

DiscRep_SUB:FEATURE_LOCATION_CONFLICT::Coding region xref gene does not exist
./p2/EMSIMAW_03252022:CDS	hypothetical protein	vB_OCPT_P2:c11270-11061	EMSIMAW_00025

DiscRep_SUB:FEATURE_LOCATION_CONFLICT::Coding region xref gene does not exist
./p2/EMSIMAW_03252022:CDS	hypothetical protein	vB_OCPT_P2:c11491-11267	EMSIMAW_00026

DiscRep_SUB:FEATURE_LOCATION_CONFLICT::Coding region xref gene does not exist
./p2/EMSIMAW_03252022:CDS	hypothetical protein	vB_OCPT_P2:c11700-11506	EMSIMAW_00027

DiscRep_SUB:FEATURE_LOCATION_CONFLICT::Coding region xref gene does not exist
./p2/EMSIMAW_03252022:CDS	hypothetical protein	vB_OCPT_P2:c11889-11713	EMSIMAW_00028

DiscRep_SUB:FEATURE_LOCATION_CONFLICT::Coding region xref gene does not exist
./p2/EMSIMAW_03252022:CDS	hypothetical protein	vB_OCPT_P2:c12202-11903	EMSIMAW_00029

DiscRep_SUB:FEATURE_LOCATION_CONFLICT::Coding region xref gene does not exist
./p2/EMSIMAW_03252022:CDS	hypothetical protein	vB_OCPT_P2:c12803-12240	EMSIMAW_00030

DiscRep_SUB:FEATURE_LOCATION_CONFLICT::Coding region xref gene does not exist
./p2/EMSIMAW_03252022:CDS	hypothetical protein	vB_OCPT_P2:c13527-12895	EMSIMAW_00031

DiscRep_SUB:FEATURE_LOCATION_CONFLICT::Coding region xref gene does not exist
./p2/EMSIMAW_03252022:CDS	hypothetical protein	vB_OCPT_P2:c14089-13520	EMSIMAW_00032

DiscRep_SUB:FEATURE_LOCATION_CONFLICT::Coding region xref gene does not exist
./p2/EMSIMAW_03252022:CDS	hypothetical protein	vB_OCPT_P2:c14520-14089	EMSIMAW_00033

DiscRep_SUB:FEATURE_LOCATION_CONFLICT::Coding region xref gene does not exist
./p2/EMSIMAW_03252022:CDS	DNA endonuclease I-HmuI	vB_OCPT_P2:c15187-14657	EMSIMAW_00034

DiscRep_SUB:FEATURE_LOCATION_CONFLICT::Coding region xref gene does not exist
./p2/EMSIMAW_03252022:CDS	hypothetical protein	vB_OCPT_P2:c15519-15184	EMSIMAW_00035

DiscRep_SUB:FEATURE_LOCATION_CONFLICT::Coding region xref gene does not exist
./p2/EMSIMAW_03252022:CDS	hypothetical protein	vB_OCPT_P2:c16547-15519	EMSIMAW_00036

DiscRep_SUB:FEATURE_LOCATION_CONFLICT::Coding region xref gene does not exist
./p2/EMSIMAW_03252022:CDS	DNA endonuclease I-HmuI	vB_OCPT_P2:c16980-16540	EMSIMAW_00037

DiscRep_SUB:FEATURE_LOCATION_CONFLICT::Coding region xref gene does not exist
./p2/EMSIMAW_03252022:CDS	hypothetical protein	vB_OCPT_P2:c17313-17053	EMSIMAW_00038

DiscRep_SUB:FEATURE_LOCATION_CONFLICT::Coding region xref gene does not exist
./p2/EMSIMAW_03252022:CDS	hypothetical protein	vB_OCPT_P2:c17549-17325	EMSIMAW_00039

DiscRep_SUB:FEATURE_LOCATION_CONFLICT::Coding region xref gene does not exist
./p2/EMSIMAW_03252022:CDS	hypothetical protein	vB_OCPT_P2:c18267-17515	EMSIMAW_00040

DiscRep_SUB:FEATURE_LOCATION_CONFLICT::Coding region xref gene does not exist
./p2/EMSIMAW_03252022:CDS	hypothetical protein	vB_OCPT_P2:c19644-18280	EMSIMAW_00041

DiscRep_SUB:FEATURE_LOCATION_CONFLICT::Coding region xref gene does not exist
./p2/EMSIMAW_03252022:CDS	hypothetical protein	vB_OCPT_P2:c20432-19656	EMSIMAW_00042

DiscRep_SUB:FEATURE_LOCATION_CONFLICT::Coding region xref gene does not exist
./p2/EMSIMAW_03252022:CDS	hypothetical protein	vB_OCPT_P2:c20834-20481	EMSIMAW_00043

DiscRep_SUB:FEATURE_LOCATION_CONFLICT::Coding region xref gene does not exist
./p2/EMSIMAW_03252022:CDS	hypothetical protein	vB_OCPT_P2:c21853-20909	EMSIMAW_00044

DiscRep_SUB:FEATURE_LOCATION_CONFLICT::Coding region xref gene does not exist
./p2/EMSIMAW_03252022:CDS	hypothetical protein	vB_OCPT_P2:c22095-21883	EMSIMAW_00045

DiscRep_SUB:FEATURE_LOCATION_CONFLICT::Coding region xref gene does not exist
./p2/EMSIMAW_03252022:CDS	hypothetical protein	vB_OCPT_P2:c22295-22107	EMSIMAW_00046

DiscRep_SUB:FEATURE_LOCATION_CONFLICT::Coding region xref gene does not exist
./p2/EMSIMAW_03252022:CDS	hypothetical protein	vB_OCPT_P2:c22615-22295	EMSIMAW_00047

DiscRep_SUB:FEATURE_LOCATION_CONFLICT::Coding region xref gene does not exist
./p2/EMSIMAW_03252022:CDS	hypothetical protein	vB_OCPT_P2:c22866-22615	EMSIMAW_00048

DiscRep_SUB:FEATURE_LOCATION_CONFLICT::Coding region xref gene does not exist
./p2/EMSIMAW_03252022:CDS	hypothetical protein	vB_OCPT_P2:c23108-22866	EMSIMAW_00049

DiscRep_SUB:FEATURE_LOCATION_CONFLICT::Coding region xref gene does not exist
./p2/EMSIMAW_03252022:CDS	hypothetical protein	vB_OCPT_P2:c23257-23111	EMSIMAW_00050

DiscRep_SUB:FEATURE_LOCATION_CONFLICT::Coding region xref gene does not exist
./p2/EMSIMAW_03252022:CDS	hypothetical protein	vB_OCPT_P2:c23434-23270	EMSIMAW_00051

DiscRep_SUB:FEATURE_LOCATION_CONFLICT::Coding region xref gene does not exist
./p2/EMSIMAW_03252022:CDS	hypothetical protein	vB_OCPT_P2:c24688-24488	EMSIMAW_00053

DiscRep_SUB:FEATURE_LOCATION_CONFLICT::Coding region xref gene does not exist
./p2/EMSIMAW_03252022:CDS	hypothetical protein	vB_OCPT_P2:c25074-24688	EMSIMAW_00054

DiscRep_SUB:FEATURE_LOCATION_CONFLICT::Coding region xref gene does not exist
./p2/EMSIMAW_03252022:CDS	hypothetical protein	vB_OCPT_P2:c25511-25077	EMSIMAW_00055

DiscRep_SUB:FEATURE_LOCATION_CONFLICT::Coding region xref gene does not exist
./p2/EMSIMAW_03252022:CDS	hypothetical protein	vB_OCPT_P2:c26388-25564	EMSIMAW_00056

DiscRep_SUB:FEATURE_LOCATION_CONFLICT::Coding region xref gene does not exist
./p2/EMSIMAW_03252022:CDS	hypothetical protein	vB_OCPT_P2:26899-27327	EMSIMAW_00057

DiscRep_SUB:FEATURE_LOCATION_CONFLICT::Coding region xref gene does not exist
./p2/EMSIMAW_03252022:CDS	hypothetical protein	vB_OCPT_P2:c28323-27610	EMSIMAW_00058

DiscRep_SUB:FEATURE_LOCATION_CONFLICT::Coding region xref gene does not exist
./p2/EMSIMAW_03252022:CDS	hypothetical protein	vB_OCPT_P2:c28723-28370	EMSIMAW_00059

DiscRep_SUB:FEATURE_LOCATION_CONFLICT::Coding region xref gene does not exist
./p2/EMSIMAW_03252022:CDS	hypothetical protein	vB_OCPT_P2:c31697-28671	EMSIMAW_00060

DiscRep_SUB:FEATURE_LOCATION_CONFLICT::Coding region xref gene does not exist
./p2/EMSIMAW_03252022:CDS	hypothetical protein	vB_OCPT_P2:c35702-31710	EMSIMAW_00061

DiscRep_SUB:FEATURE_LOCATION_CONFLICT::Coding region xref gene does not exist
./p2/EMSIMAW_03252022:CDS	hypothetical protein	vB_OCPT_P2:c38601-35716	EMSIMAW_00062

DiscRep_SUB:FEATURE_LOCATION_CONFLICT::Coding region xref gene does not exist
./p2/EMSIMAW_03252022:CDS	hypothetical protein	vB_OCPT_P2:c38838-38614	EMSIMAW_00063

DiscRep_SUB:FEATURE_LOCATION_CONFLICT::Coding region xref gene does not exist
./p2/EMSIMAW_03252022:CDS	hypothetical protein	vB_OCPT_P2:c39289-38849	EMSIMAW_00064

DiscRep_SUB:FEATURE_LOCATION_CONFLICT::Coding region xref gene does not exist
./p2/EMSIMAW_03252022:CDS	hypothetical protein	vB_OCPT_P2:c40122-39433	EMSIMAW_00065

DiscRep_SUB:FEATURE_LOCATION_CONFLICT::Coding region xref gene does not exist
./p2/EMSIMAW_03252022:CDS	hypothetical protein	vB_OCPT_P2:c40577-40143	EMSIMAW_00066

DiscRep_SUB:FEATURE_LOCATION_CONFLICT::Coding region xref gene does not exist
./p2/EMSIMAW_03252022:CDS	hypothetical protein	vB_OCPT_P2:c40970-40590	EMSIMAW_00067

DiscRep_SUB:FEATURE_LOCATION_CONFLICT::Coding region xref gene does not exist
./p2/EMSIMAW_03252022:CDS	hypothetical protein	vB_OCPT_P2:c41332-40955	EMSIMAW_00068

DiscRep_SUB:FEATURE_LOCATION_CONFLICT::Coding region xref gene does not exist
./p2/EMSIMAW_03252022:CDS	hypothetical protein	vB_OCPT_P2:c41752-41348	EMSIMAW_00069

DiscRep_SUB:FEATURE_LOCATION_CONFLICT::Coding region xref gene does not exist
./p2/EMSIMAW_03252022:CDS	hypothetical protein	vB_OCPT_P2:c42252-41812	EMSIMAW_00070

DiscRep_SUB:FEATURE_LOCATION_CONFLICT::Coding region xref gene does not exist
./p2/EMSIMAW_03252022:CDS	Putative major head protein	vB_OCPT_P2:c43213-42407	EMSIMAW_00071

DiscRep_SUB:FEATURE_LOCATION_CONFLICT::Coding region xref gene does not exist
./p2/EMSIMAW_03252022:CDS	hypothetical protein	vB_OCPT_P2:c43936-43262	EMSIMAW_00072

DiscRep_SUB:FEATURE_LOCATION_CONFLICT::Coding region xref gene does not exist
./p2/EMSIMAW_03252022:CDS	hypothetical protein	vB_OCPT_P2:c44802-44047	EMSIMAW_00073

DiscRep_SUB:FEATURE_LOCATION_CONFLICT::Coding region xref gene does not exist
./p2/EMSIMAW_03252022:CDS	Portal protein	vB_OCPT_P2:c46349-44814	EMSIMAW_00074

DiscRep_SUB:FEATURE_LOCATION_CONFLICT::Coding region xref gene does not exist
./p2/EMSIMAW_03252022:CDS	Large terminase protein	vB_OCPT_P2:c47677-46406	EMSIMAW_00075

DiscRep_SUB:FEATURE_LOCATION_CONFLICT::Coding region xref gene does not exist
./p2/EMSIMAW_03252022:CDS	hypothetical protein	vB_OCPT_P2:c47988-47740	EMSIMAW_00076

DiscRep_SUB:FEATURE_LOCATION_CONFLICT::Coding region xref gene does not exist
./p2/EMSIMAW_03252022:CDS	hypothetical protein	vB_OCPT_P2:c48387-48007	EMSIMAW_00077

DiscRep_SUB:FEATURE_LOCATION_CONFLICT::Coding region xref gene does not exist
./p2/EMSIMAW_03252022:CDS	Terminase small subunit	vB_OCPT_P2:c48964-48365	EMSIMAW_00078

DiscRep_SUB:FEATURE_LOCATION_CONFLICT::Coding region xref gene does not exist
./p2/EMSIMAW_03252022:CDS	hypothetical protein	vB_OCPT_P2:49245-49559	EMSIMAW_00079

DiscRep_SUB:FEATURE_LOCATION_CONFLICT::Coding region xref gene does not exist
./p2/EMSIMAW_03252022:CDS	hypothetical protein	vB_OCPT_P2:49559-49816	EMSIMAW_00080

DiscRep_SUB:FEATURE_LOCATION_CONFLICT::Coding region xref gene does not exist
./p2/EMSIMAW_03252022:CDS	hypothetical protein	vB_OCPT_P2:49816-50202	EMSIMAW_00081

DiscRep_SUB:FEATURE_LOCATION_CONFLICT::Coding region xref gene does not exist
./p2/EMSIMAW_03252022:CDS	hypothetical protein	vB_OCPT_P2:50204-50584	EMSIMAW_00082

DiscRep_SUB:FEATURE_LOCATION_CONFLICT::Coding region xref gene does not exist
./p2/EMSIMAW_03252022:CDS	hypothetical protein	vB_OCPT_P2:50588-50737	EMSIMAW_00083

DiscRep_SUB:FEATURE_LOCATION_CONFLICT::Coding region xref gene does not exist
./p2/EMSIMAW_03252022:CDS	hypothetical protein	vB_OCPT_P2:50750-51010	EMSIMAW_00084

DiscRep_SUB:FEATURE_LOCATION_CONFLICT::Coding region xref gene does not exist
./p2/EMSIMAW_03252022:CDS	hypothetical protein	vB_OCPT_P2:51012-51314	EMSIMAW_00085

DiscRep_SUB:FEATURE_LOCATION_CONFLICT::Coding region xref gene does not exist
./p2/EMSIMAW_03252022:CDS	hypothetical protein	vB_OCPT_P2:51334-51705	EMSIMAW_00086

DiscRep_SUB:FEATURE_LOCATION_CONFLICT::Coding region xref gene does not exist
./p2/EMSIMAW_03252022:CDS	hypothetical protein	vB_OCPT_P2:52157-52966	EMSIMAW_00087

DiscRep_SUB:FEATURE_LOCATION_CONFLICT::Coding region xref gene does not exist
./p2/EMSIMAW_03252022:CDS	hypothetical protein	vB_OCPT_P2:52967-53185	EMSIMAW_00088

DiscRep_SUB:FEATURE_LOCATION_CONFLICT::Coding region xref gene does not exist
./p2/EMSIMAW_03252022:CDS	hypothetical protein	vB_OCPT_P2:53187-53399	EMSIMAW_00089

DiscRep_SUB:FEATURE_LOCATION_CONFLICT::Coding region xref gene does not exist
./p2/EMSIMAW_03252022:CDS	hypothetical protein	vB_OCPT_P2:c55122-54820	EMSIMAW_00090

DiscRep_SUB:FEATURE_LOCATION_CONFLICT::Coding region xref gene does not exist
./p2/EMSIMAW_03252022:CDS	hypothetical protein	vB_OCPT_P2:c55496-55359	EMSIMAW_00091

DiscRep_SUB:FEATURE_LOCATION_CONFLICT::Coding region xref gene does not exist
./p2/EMSIMAW_03252022:CDS	hypothetical protein	vB_OCPT_P2:c55949-55575	EMSIMAW_00092

DiscRep_SUB:FEATURE_LOCATION_CONFLICT::Coding region xref gene does not exist
./p2/EMSIMAW_03252022:CDS	hypothetical protein	vB_OCPT_P2:c56328-55942	EMSIMAW_00093

DiscRep_SUB:FEATURE_LOCATION_CONFLICT::Coding region xref gene does not exist
./p2/EMSIMAW_03252022:CDS	hypothetical protein	vB_OCPT_P2:c56436-56332	EMSIMAW_00094

DiscRep_SUB:FEATURE_LOCATION_CONFLICT::Coding region xref gene does not exist
./p2/EMSIMAW_03252022:CDS	hypothetical protein	vB_OCPT_P2:c56752-56429	EMSIMAW_00095

DiscRep_SUB:FEATURE_LOCATION_CONFLICT::RNA feature xref gene does not exist
./p2/EMSIMAW_03252022:tRNA	Trp	vB_OCPT_P2:c24429-24358	EMSIMAW_00052

DiscRep_ALL:DISC_QUALITY_SCORES::Quality scores are missing on all sequences.

DiscRep_ALL:ONCALLER_COMMENT_PRESENT::1 comment descriptors were found (all same)
./p2/EMSIMAW_03252022:vB_OCPT_P2:Annotated using prokka 1.11 from http://www.vicbioinformatics.com

DiscRep_ALL:SHORT_PROT_SEQUENCES::4 protein sequences are shorter than 50 aa.
./p2/EMSIMAW_03252022:vB_OCPT_P2_50 (length 48)
./p2/EMSIMAW_03252022:vB_OCPT_P2_82 (length 49)
./p2/EMSIMAW_03252022:vB_OCPT_P2_90 (length 45)
./p2/EMSIMAW_03252022:vB_OCPT_P2_93 (length 34)

DiscRep_ALL:MISSING_GENOMEASSEMBLY_COMMENTS::1 bioseqs are missing GenomeAssembly structured comments
./p2/EMSIMAW_03252022:vB_OCPT_P2 (length 57485)

DiscRep_ALL:MOLTYPE_NOT_MRNA::1 molecule types are not set as mRNA.
./p2/EMSIMAW_03252022:vB_OCPT_P2 (length 57485)

DiscRep_ALL:TECHNIQUE_NOT_TSA::1 technique are not set as TSA
./p2/EMSIMAW_03252022:vB_OCPT_P2 (length 57485)

DiscRep_ALL:MISSING_STRUCTURED_COMMENT::1 sequences do not include structured comments.
./p2/EMSIMAW_03252022:vB_OCPT_P2 (length 57485)

DiscRep_ALL:MISSING_PROJECT::95 sequences do not include project.
./p2/EMSIMAW_03252022:vB_OCPT_P2 (length 57485)
./p2/EMSIMAW_03252022:vB_OCPT_P2_1 (length 101)
./p2/EMSIMAW_03252022:vB_OCPT_P2_2 (length 320)
./p2/EMSIMAW_03252022:vB_OCPT_P2_3 (length 88)
./p2/EMSIMAW_03252022:vB_OCPT_P2_4 (length 82)
./p2/EMSIMAW_03252022:vB_OCPT_P2_5 (length 69)
./p2/EMSIMAW_03252022:vB_OCPT_P2_6 (length 63)
./p2/EMSIMAW_03252022:vB_OCPT_P2_7 (length 70)
./p2/EMSIMAW_03252022:vB_OCPT_P2_8 (length 86)
./p2/EMSIMAW_03252022:vB_OCPT_P2_9 (length 64)
./p2/EMSIMAW_03252022:vB_OCPT_P2_10 (length 144)
./p2/EMSIMAW_03252022:vB_OCPT_P2_11 (length 66)
./p2/EMSIMAW_03252022:vB_OCPT_P2_12 (length 194)
./p2/EMSIMAW_03252022:vB_OCPT_P2_13 (length 107)
./p2/EMSIMAW_03252022:vB_OCPT_P2_14 (length 78)
./p2/EMSIMAW_03252022:vB_OCPT_P2_15 (length 134)
./p2/EMSIMAW_03252022:vB_OCPT_P2_16 (length 231)
./p2/EMSIMAW_03252022:vB_OCPT_P2_17 (length 131)
./p2/EMSIMAW_03252022:vB_OCPT_P2_18 (length 143)
./p2/EMSIMAW_03252022:vB_OCPT_P2_19 (length 63)
./p2/EMSIMAW_03252022:vB_OCPT_P2_20 (length 178)
./p2/EMSIMAW_03252022:vB_OCPT_P2_21 (length 784)
./p2/EMSIMAW_03252022:vB_OCPT_P2_22 (length 61)
./p2/EMSIMAW_03252022:vB_OCPT_P2_23 (length 124)
./p2/EMSIMAW_03252022:vB_OCPT_P2_24 (length 70)
./p2/EMSIMAW_03252022:vB_OCPT_P2_25 (length 69)
./p2/EMSIMAW_03252022:vB_OCPT_P2_26 (length 74)
./p2/EMSIMAW_03252022:vB_OCPT_P2_27 (length 64)
./p2/EMSIMAW_03252022:vB_OCPT_P2_28 (length 58)
./p2/EMSIMAW_03252022:vB_OCPT_P2_29 (length 99)
./p2/EMSIMAW_03252022:vB_OCPT_P2_30 (length 187)
./p2/EMSIMAW_03252022:vB_OCPT_P2_31 (length 210)
./p2/EMSIMAW_03252022:vB_OCPT_P2_32 (length 189)
./p2/EMSIMAW_03252022:vB_OCPT_P2_33 (length 143)
./p2/EMSIMAW_03252022:vB_OCPT_P2_34 (length 176)
./p2/EMSIMAW_03252022:vB_OCPT_P2_35 (length 111)
./p2/EMSIMAW_03252022:vB_OCPT_P2_36 (length 342)
./p2/EMSIMAW_03252022:vB_OCPT_P2_37 (length 146)
./p2/EMSIMAW_03252022:vB_OCPT_P2_38 (length 86)
./p2/EMSIMAW_03252022:vB_OCPT_P2_39 (length 74)
./p2/EMSIMAW_03252022:vB_OCPT_P2_40 (length 250)
./p2/EMSIMAW_03252022:vB_OCPT_P2_41 (length 454)
./p2/EMSIMAW_03252022:vB_OCPT_P2_42 (length 258)
./p2/EMSIMAW_03252022:vB_OCPT_P2_43 (length 117)
./p2/EMSIMAW_03252022:vB_OCPT_P2_44 (length 314)
./p2/EMSIMAW_03252022:vB_OCPT_P2_45 (length 70)
./p2/EMSIMAW_03252022:vB_OCPT_P2_46 (length 62)
./p2/EMSIMAW_03252022:vB_OCPT_P2_47 (length 106)
./p2/EMSIMAW_03252022:vB_OCPT_P2_48 (length 83)
./p2/EMSIMAW_03252022:vB_OCPT_P2_49 (length 80)
./p2/EMSIMAW_03252022:vB_OCPT_P2_50 (length 48)
./p2/EMSIMAW_03252022:vB_OCPT_P2_51 (length 54)
./p2/EMSIMAW_03252022:vB_OCPT_P2_52 (length 66)
./p2/EMSIMAW_03252022:vB_OCPT_P2_53 (length 128)
./p2/EMSIMAW_03252022:vB_OCPT_P2_54 (length 144)
./p2/EMSIMAW_03252022:vB_OCPT_P2_55 (length 274)
./p2/EMSIMAW_03252022:vB_OCPT_P2_56 (length 142)
./p2/EMSIMAW_03252022:vB_OCPT_P2_57 (length 237)
./p2/EMSIMAW_03252022:vB_OCPT_P2_58 (length 117)
./p2/EMSIMAW_03252022:vB_OCPT_P2_59 (length 1008)
./p2/EMSIMAW_03252022:vB_OCPT_P2_60 (length 1330)
./p2/EMSIMAW_03252022:vB_OCPT_P2_61 (length 961)
./p2/EMSIMAW_03252022:vB_OCPT_P2_62 (length 74)
./p2/EMSIMAW_03252022:vB_OCPT_P2_63 (length 146)
./p2/EMSIMAW_03252022:vB_OCPT_P2_64 (length 229)
./p2/EMSIMAW_03252022:vB_OCPT_P2_65 (length 144)
./p2/EMSIMAW_03252022:vB_OCPT_P2_66 (length 126)
./p2/EMSIMAW_03252022:vB_OCPT_P2_67 (length 125)
./p2/EMSIMAW_03252022:vB_OCPT_P2_68 (length 134)
./p2/EMSIMAW_03252022:vB_OCPT_P2_69 (length 146)
./p2/EMSIMAW_03252022:vB_OCPT_P2_70 (length 268)
./p2/EMSIMAW_03252022:vB_OCPT_P2_71 (length 224)
./p2/EMSIMAW_03252022:vB_OCPT_P2_72 (length 251)
./p2/EMSIMAW_03252022:vB_OCPT_P2_73 (length 511)
./p2/EMSIMAW_03252022:vB_OCPT_P2_74 (length 423)
./p2/EMSIMAW_03252022:vB_OCPT_P2_75 (length 82)
./p2/EMSIMAW_03252022:vB_OCPT_P2_76 (length 126)
./p2/EMSIMAW_03252022:vB_OCPT_P2_77 (length 199)
./p2/EMSIMAW_03252022:vB_OCPT_P2_78 (length 104)
./p2/EMSIMAW_03252022:vB_OCPT_P2_79 (length 85)
./p2/EMSIMAW_03252022:vB_OCPT_P2_80 (length 128)
./p2/EMSIMAW_03252022:vB_OCPT_P2_81 (length 126)
./p2/EMSIMAW_03252022:vB_OCPT_P2_82 (length 49)
./p2/EMSIMAW_03252022:vB_OCPT_P2_83 (length 86)
./p2/EMSIMAW_03252022:vB_OCPT_P2_84 (length 100)
./p2/EMSIMAW_03252022:vB_OCPT_P2_85 (length 123)
./p2/EMSIMAW_03252022:vB_OCPT_P2_86 (length 269)
./p2/EMSIMAW_03252022:vB_OCPT_P2_87 (length 72)
./p2/EMSIMAW_03252022:vB_OCPT_P2_88 (length 70)
./p2/EMSIMAW_03252022:vB_OCPT_P2_89 (length 100)
./p2/EMSIMAW_03252022:vB_OCPT_P2_90 (length 45)
./p2/EMSIMAW_03252022:vB_OCPT_P2_91 (length 124)
./p2/EMSIMAW_03252022:vB_OCPT_P2_92 (length 128)
./p2/EMSIMAW_03252022:vB_OCPT_P2_93 (length 34)
./p2/EMSIMAW_03252022:vB_OCPT_P2_94 (length 107)

DiscRep_ALL:DISC_INCONSISTENT_MOLINFO_TECH::Molinfo Technique Report (some missing, all same)
DiscRep_SUB:DISC_INCONSISTENT_MOLINFO_TECH::technique (all missing)
DiscRep_SUB:DISC_INCONSISTENT_MOLINFO_TECH::1 Molinfos are missing field technique
./p2/EMSIMAW_03252022:vB_OCPT_P2 (length 57485)

