[12:20:45] Command: --kingdom Viruses --cpus 4 P11_phage.fasta --outdir ./p11 --force --genus Caudovirales --locustag KMDAMLD --usegenus
[12:20:45] Looking for 'aragorn' - found /home/swandro/miniconda3/envs/prokka/bin/aragorn
[12:20:45] Determined aragorn version is 1.2
[12:20:45] Looking for 'barrnap' - found /home/swandro/miniconda3/envs/prokka/bin/barrnap
[12:20:45] Determined barrnap version is 0.9
[12:20:45] Looking for 'blastp' - found /home/swandro/miniconda3/envs/prokka/bin/blastp
[12:20:45] Determined blastp version is 2.2
[12:20:45] Looking for 'cmpress' - found /home/swandro/miniconda3/envs/prokka/bin/cmpress
[12:20:45] Determined cmpress version is 1.1
[12:20:45] Looking for 'cmscan' - found /home/swandro/miniconda3/envs/prokka/bin/cmscan
[12:20:45] Determined cmscan version is 1.1
[12:20:45] Looking for 'egrep' - found /bin/egrep
[12:20:45] Looking for 'find' - found /usr/bin/find
[12:20:45] Looking for 'grep' - found /bin/grep
[12:20:45] Looking for 'hmmpress' - found /home/swandro/miniconda3/envs/prokka/bin/hmmpress
[12:20:45] Determined hmmpress version is 3.3
[12:20:45] Looking for 'hmmscan' - found /home/swandro/miniconda3/envs/prokka/bin/hmmscan
[12:20:45] Determined hmmscan version is 3.3
[12:20:45] Looking for 'less' - found /usr/bin/less
[12:20:45] Looking for 'makeblastdb' - found /home/swandro/miniconda3/envs/prokka/bin/makeblastdb
[12:20:45] Determined makeblastdb version is 2.2
[12:20:45] Looking for 'minced' - found /home/swandro/miniconda3/envs/prokka/bin/minced
[12:20:45] Determined minced version is 4.2
[12:20:45] Looking for 'parallel' - found /home/swandro/miniconda3/envs/prokka/bin/parallel
[12:20:46] Determined parallel version is 20160622
[12:20:46] Looking for 'prodigal' - found /home/swandro/miniconda3/envs/prokka/bin/prodigal
[12:20:46] Determined prodigal version is 2.6
[12:20:46] Looking for 'prokka-genbank_to_fasta_db' - found /home/swandro/miniconda3/envs/prokka/bin/prokka-genbank_to_fasta_db
[12:20:46] Looking for 'sed' - found /bin/sed
[12:20:46] Looking for 'tbl2asn' - found /home/swandro/miniconda3/envs/prokka/bin/tbl2asn
[12:20:46] Determined tbl2asn version is 25.8
[12:20:46] Using genetic code table 1.
[12:20:46] Loading and checking input file: P11_phage.fasta
[12:20:46] Wrote 1 contigs
[12:20:46] Predicting tRNAs and tmRNAs
[12:20:46] Running: aragorn -gc1  -w \.\/p11\/KMDAMLD_03252022\.fna
[12:20:46] 1 tRNA-Trp c[26919,26992] 35 (cca)
[12:20:46] Found 1 tRNAs
[12:20:46] Disabling rRNA search: --kingdom=Viruses or --norrna=0
[12:20:46] Skipping ncRNA search, enable with --rfam if desired.
[12:20:46] Total of 1 tRNA + rRNA features
[12:20:46] Searching for CRISPR repeats
[12:20:46] Found 0 CRISPRs
[12:20:46] Predicting coding sequences
[12:20:46] Contigs total 57092 bp, so using meta mode
[12:20:46] Running: prodigal -i \.\/p11\/KMDAMLD_03252022\.fna -c -m -g 1 -p meta -f sco -q
[12:20:46] Excluding CDS which overlaps existing RNA (tRNA) at vB_OCPT_P11:26765..27040 on - strand
[12:20:46] Found 93 CDS
[12:20:46] Connecting features back to sequences
[12:20:46] Skipping genus-specific proteins as can't see /home/swandro/miniconda3/envs/prokka/bin/../db/Caudovirales
[12:20:46] Annotating CDS, please be patient.
[12:20:46] Will use 4 CPUs for similarity searching.
[12:20:46] There are still 93 unannotated CDS left (started with 93)
[12:20:46] Will use blast to search against /home/swandro/miniconda3/envs/prokka/bin/../db/kingdom/Viruses/sprot with 4 CPUs
[12:20:46] Running: cat \.\/p11\/sprot\.faa | parallel --gnu --plain -j 4 --block 2115 --recstart '>' --pipe blastp -query - -db /home/swandro/miniconda3/envs/prokka/bin/../db/kingdom/Viruses/sprot -evalue 1e-06 -num_threads 1 -num_descriptions 1 -num_alignments 1 -seg no > \.\/p11\/sprot\.blast 2> /dev/null
[12:20:47] Deleting unwanted file: ./p11/sprot.faa
[12:20:47] Deleting unwanted file: ./p11/sprot.blast
[12:20:47] Labelling remaining 85 proteins as 'hypothetical protein'
[12:20:47] Found 3 unique /gene codes.
[12:20:47] Fixed 0 colliding /gene names.
[12:20:47] Adding /locus_tag identifiers
[12:20:47] Assigned 94 locus_tags to CDS and RNA features.
[12:20:47] Writing outputs to ./p11/
[12:20:47] Generating annotation statistics file
[12:20:47] Generating Genbank and Sequin files
[12:20:47] Running: tbl2asn -V b -a r10k -l paired-ends -M n -N 1 -y 'Annotated using prokka 1.11 from http://www.vicbioinformatics.com' -Z \.\/p11\/KMDAMLD_03252022\.err -i \.\/p11\/KMDAMLD_03252022\.fsa 2> /dev/null
[12:20:48] Deleting unwanted file: ./p11/errorsummary.val
[12:20:48] Deleting unwanted file: ./p11/KMDAMLD_03252022.dr
[12:20:48] Deleting unwanted file: ./p11/KMDAMLD_03252022.fixedproducts
[12:20:48] Deleting unwanted file: ./p11/KMDAMLD_03252022.ecn
[12:20:48] Deleting unwanted file: ./p11/KMDAMLD_03252022.val
[12:20:48] Repairing broken .GBK output that tbl2asn produces...
[12:20:48] Running: sed 's/COORDINATES: profile/COORDINATES:profile/' < \.\/p11\/KMDAMLD_03252022\.gbf > \.\/p11\/KMDAMLD_03252022\.gbk
[12:20:48] Deleting unwanted file: ./p11/KMDAMLD_03252022.gbf
[12:20:48] Output files:
[12:20:48] ./p11/KMDAMLD_03252022.err
[12:20:48] ./p11/KMDAMLD_03252022.faa
[12:20:48] ./p11/KMDAMLD_03252022.ffn
[12:20:48] ./p11/KMDAMLD_03252022.fna
[12:20:48] ./p11/KMDAMLD_03252022.fsa
[12:20:48] ./p11/KMDAMLD_03252022.gbk
[12:20:48] ./p11/KMDAMLD_03252022.gff
[12:20:48] ./p11/KMDAMLD_03252022.log
[12:20:48] ./p11/KMDAMLD_03252022.sqn
[12:20:48] ./p11/KMDAMLD_03252022.tbl
[12:20:48] ./p11/KMDAMLD_03252022.txt
[12:20:48] Walltime used: 0.05 minutes
[12:20:48] If you use this result please cite the Prokka paper:
[12:20:48] Seemann T (2014) Prokka: rapid prokaryotic genome annotation. Bioinformatics. 30(14):2068-9.
[12:20:48] Type 'prokka --citation' for more details.
[12:20:48] Share and enjoy!
