Bad feature	Line 3	contact
Bad feature	Line 4	contact
Bad feature	Line 5	name
Bad feature	Line 6	last
Bad feature	Line 7	first
Bad feature	Line 8	middle
Bad feature	Line 9	initials
Bad feature	Line 10	suffix
Bad feature	Line 12	title
Bad feature	Line 13	affil
Bad feature	Line 14	affil
Bad feature	Line 15	div
Bad feature	Line 16	city
Bad feature	Line 17	sub
Bad feature	Line 18	country
Bad feature	Line 19	street
Bad feature	Line 24	email
Bad feature	Line 25	cit
Bad feature	Line 26	authors
Bad feature	Line 28	names
Bad feature	Line 38	name
Bad feature	Line 39	affil
Bad feature	Line 40	affil
Bad feature	Line 41	div
Bad feature	Line 42	city
Bad feature	Line 43	sub
Bad feature	Line 44	country
Bad feature	Line 49	street
Bad feature	Line 52	subtype
Bad feature	Line 53	pub
Bad feature	Line 54	gen
Bad feature	Line 55	cit
Bad feature	Line 56	authors
Bad feature	Line 69	names
Bad feature	Line 74	title
Bad feature	Line 75	type
Bad feature	Line 77	data
Bad feature	Line 78	label
Bad feature	Line 83	data
Bad feature	Line 84	type
Bad feature	Line 86	data
Bad feature	Line 87	label
